[20:53:04] [ServerMain/INFO]: Environment: Environment[sessionHost=https://sessionserver.mojang.com, servicesHost=https://api.minecraftservices.com, name=PROD]
[20:53:05] [ServerMain/INFO]: No existing world data, creating new world
[20:53:05] [ServerMain/INFO]: Loaded 1290 recipes
[20:53:05] [ServerMain/INFO]: Loaded 1399 advancements
[20:53:06] [Server thread/INFO]: Starting minecraft server version 1.21
[20:53:06] [Server thread/INFO]: Loading properties
[20:53:06] [Server thread/INFO]: Default game type: SURVIVAL
[20:53:06] [Server thread/INFO]: Generating keypair
[20:53:07] [Server thread/INFO]: Starting Minecraft server on *:25565
[20:53:07] [Server thread/INFO]: Using epoll channel type
[20:53:07] [Server thread/WARN]: **** SERVER IS RUNNING IN OFFLINE/INSECURE MODE!
[20:53:07] [Server thread/WARN]: The server will make no attempt to authenticate usernames. Beware.
[20:53:07] [Server thread/WARN]: While this makes the game possible to play without internet access, it also opens up the ability for hackers to connect with any username they choose.
[20:53:07] [Server thread/WARN]: To change this, set "online-mode" to "true" in the server.properties file.
[20:53:07] [Server thread/INFO]: Preparing level "world"
[20:53:13] [Server thread/INFO]: Preparing start region for dimension minecraft:overworld
[20:53:13] [Worker-Main-3/INFO]: Preparing spawn area: 2%
[20:53:13] [Worker-Main-2/INFO]: Preparing spawn area: 2%
[20:53:14] [Worker-Main-3/INFO]: Preparing spawn area: 2%
[20:53:14] [Worker-Main-3/INFO]: Preparing spawn area: 2%
[20:53:15] [Worker-Main-3/INFO]: Preparing spawn area: 18%
[20:53:15] [Worker-Main-2/INFO]: Preparing spawn area: 18%
[20:53:16] [Worker-Main-2/INFO]: Preparing spawn area: 18%
[20:53:16] [Worker-Main-1/INFO]: Preparing spawn area: 51%
[20:53:17] [Worker-Main-3/INFO]: Preparing spawn area: 51%
[20:53:17] [Worker-Main-2/INFO]: Preparing spawn area: 51%
[20:53:18] [Server thread/INFO]: Time elapsed: 4890 ms
[20:53:18] [Server thread/INFO]: Done (10.916s)! For help, type "help"
[20:54:00] [Server thread/INFO]: Stopping the server
[20:54:00] [Server thread/INFO]: Stopping server
[20:54:00] [Server thread/INFO]: Saving players
[20:54:00] [Server thread/INFO]: Saving worlds
[20:54:00] [Server thread/INFO]: Saving chunks for level 'ServerLevel[world]'/minecraft:overworld
[20:54:01] [Server thread/INFO]: Saving chunks for level 'ServerLevel[world]'/minecraft:the_end
[20:54:01] [Server thread/INFO]: Saving chunks for level 'ServerLevel[world]'/minecraft:the_nether
[20:54:01] [Server thread/INFO]: ThreadedAnvilChunkStorage (world): All chunks are saved
[20:54:01] [Server thread/INFO]: ThreadedAnvilChunkStorage (DIM1): All chunks are saved
[20:54:01] [Server thread/INFO]: ThreadedAnvilChunkStorage (DIM-1): All chunks are saved
[20:54:01] [Server thread/INFO]: ThreadedAnvilChunkStorage: All dimensions are saved
